#0 building with "default" instance using docker driver

#1 [internal] load build definition from Dockerfile
#1 transferring dockerfile: 887B done
#1 DONE 0.0s

#2 [auth] library/node:pull token for registry-1.docker.io
#2 DONE 0.0s

#3 [internal] load metadata for docker.io/library/node:20-alpine
#3 DONE 1.3s

#4 [internal] load .dockerignore
#4 transferring context: 105B done
#4 DONE 0.0s

#5 [builder 1/6] FROM docker.io/library/node:20-alpine@sha256:09e2b3d9726018aecf269bd35325f46bf75046a643a66d28360ec71132750ec8
#5 resolve docker.io/library/node:20-alpine@sha256:09e2b3d9726018aecf269bd35325f46bf75046a643a66d28360ec71132750ec8 0.0s done
#5 DONE 0.0s

#6 [internal] load build context
#6 transferring context: 1.41kB done
#6 DONE 0.0s

#7 [stage-1 6/9] COPY --from=builder /app/dist ./dist
#7 CACHED

#8 [builder 3/6] COPY package*.json ./
#8 CACHED

#9 [stage-1 3/9] WORKDIR /app
#9 CACHED

#10 [builder 2/6] WORKDIR /app
#10 CACHED

#11 [stage-1 2/9] RUN apk add --no-cache openssl
#11 CACHED

#12 [builder 5/6] COPY . .
#12 CACHED

#13 [builder 6/6] RUN npm run build
#13 CACHED

#14 [builder 4/6] RUN npm ci --ignore-scripts
#14 CACHED

#15 [stage-1 4/9] COPY package*.json ./
#15 CACHED

#16 [stage-1 8/9] RUN chmod +x /usr/local/bin/docker-entrypoint.sh
#16 CACHED

#17 [stage-1 5/9] RUN npm ci --omit=dev --ignore-scripts
#17 CACHED

#18 [stage-1 7/9] COPY docker-entrypoint.sh /usr/local/bin/
#18 CACHED

#19 [stage-1 9/9] RUN addgroup -g 1001 sharkshell &&     adduser -u 1001 -G sharkshell -s /bin/sh -D sharkshell &&     mkdir -p /app/secrets && chown -R sharkshell:sharkshell /app
#19 CACHED

#20 exporting to image
#20 exporting layers done
#20 exporting manifest sha256:459e70f28dd274e0096b8df6b33e528e006e3ac5e0d6aa0a86959c2a443a92e2 done
#20 exporting config sha256:16a160e37f70172096ab035178e7429ac74ca8a1075db69850125aa22cae2a87 done
#20 exporting attestation manifest sha256:251273693553367723e20eb4a53756c766d0489080bb6b8c80f4d3e5488cc9c0 0.0s done
#20 exporting manifest list sha256:65ba01dcf649ebab2f92fb113f9ea2bc29edf6aeecbaa77f4184640c111bf336
#20 exporting manifest list sha256:65ba01dcf649ebab2f92fb113f9ea2bc29edf6aeecbaa77f4184640c111bf336 0.0s done
#20 naming to docker.io/greatsharktech/sharkshell-backend:latest done
#20 unpacking to docker.io/greatsharktech/sharkshell-backend:latest 0.0s done
#20 DONE 0.2s
