#0 building with "default" instance using docker driver

#1 [internal] load build definition from Dockerfile
#1 transferring dockerfile: 535B done
#1 DONE 0.0s

#2 [internal] load metadata for docker.io/library/nginx:alpine
#2 ...

#3 [auth] library/nginx:pull token for registry-1.docker.io
#3 DONE 0.0s

#4 [internal] load metadata for docker.io/library/node:20-alpine
#4 ...

#2 [internal] load metadata for docker.io/library/nginx:alpine
#2 DONE 1.2s

#4 [internal] load metadata for docker.io/library/node:20-alpine
#4 DONE 1.3s

#5 [internal] load .dockerignore
#5 transferring context: 93B done
#5 DONE 0.0s

#6 [builder 1/6] FROM docker.io/library/node:20-alpine@sha256:09e2b3d9726018aecf269bd35325f46bf75046a643a66d28360ec71132750ec8
#6 resolve docker.io/library/node:20-alpine@sha256:09e2b3d9726018aecf269bd35325f46bf75046a643a66d28360ec71132750ec8 0.0s done
#6 DONE 0.0s

#7 [stage-1 1/4] FROM docker.io/library/nginx:alpine@sha256:1d13701a5f9f3fb01aaa88cef2344d65b6b5bf6b7d9fa4cf0dca557a8d7702ba
#7 resolve docker.io/library/nginx:alpine@sha256:1d13701a5f9f3fb01aaa88cef2344d65b6b5bf6b7d9fa4cf0dca557a8d7702ba 0.0s done
#7 DONE 0.0s

#8 [internal] load build context
#8 transferring context: 2.88kB done
#8 DONE 0.0s

#9 [builder 2/6] WORKDIR /app
#9 CACHED

#10 [builder 3/6] COPY package*.json ./
#10 CACHED

#11 [builder 4/6] RUN npm ci
#11 CACHED

#12 [stage-1 2/4] RUN rm /etc/nginx/conf.d/default.conf
#12 CACHED

#13 [builder 5/6] COPY . .
#13 DONE 0.1s

#14 [stage-1 3/4] COPY nginx.conf /etc/nginx/conf.d/sharkshell.conf
#14 DONE 0.1s

#15 [builder 6/6] RUN npm run build
#15 0.299 
#15 0.299 > shellvault-frontend@1.0.0 build
#15 0.299 > vite build
#15 0.299 
#15 0.461 vite v5.4.21 building for production...
#15 0.501 transforming...
#15 1.666 ✓ 80 modules transformed.
#15 1.746 rendering chunks...
#15 1.807 computing gzip size...
#15 1.815 dist/index.html                            0.94 kB │ gzip:  0.52 kB
#15 1.815 dist/assets/index-yepgjXOd.css            32.64 kB │ gzip:  6.48 kB
#15 1.815 dist/assets/addon-fit-CyyJcX4C.js          1.71 kB │ gzip:  0.77 kB
#15 1.815 dist/assets/addon-web-links-SoOfmXZy.js    3.31 kB │ gzip:  1.57 kB
#15 1.815 dist/assets/index-CiVZFIq_.js             42.21 kB │ gzip: 13.20 kB
#15 1.815 dist/assets/index-DOab80bO.js            232.97 kB │ gzip: 67.74 kB
#15 1.815 dist/assets/xterm-BtnXY879.js            290.31 kB │ gzip: 72.50 kB
#15 1.815 ✓ built in 1.33s
#15 DONE 1.9s

#16 [stage-1 4/4] COPY --from=builder /app/dist /usr/share/nginx/html
#16 DONE 0.1s

#17 exporting to image
#17 exporting layers 0.1s done
#17 exporting manifest sha256:0aa45ea1f6d39e3815abb18f701d4d17020ee61e38b8beb345a3e9fddac7a8ed 0.0s done
#17 exporting config sha256:3de8052ab79c75b0eee5bfaff7a7e6eb10dd2f782bb219adaf1b60d7d1fff339 0.0s done
#17 exporting attestation manifest sha256:69173f23b1c901d587fed827aaebed3c942a46ac81f6549693acdb3f5e4f025b 0.0s done
#17 exporting manifest list sha256:90656b6be69a0635c1f4a26ce76b1070c217440a057ce8fda6b588258f00e950 0.0s done
#17 naming to docker.io/greatsharktech/sharkshell:latest done
#17 unpacking to docker.io/greatsharktech/sharkshell:latest 0.1s done
#17 DONE 0.3s
